IP Upgrade report for soc_system
Thu Jun 25 15:44:46 2026
Quartus Prime Version 24.1std.0 Build 1077 03/04/2025 SC Lite Edition


---------------------
; Table of Contents ;
---------------------
  1. Legal Notice
  2. IP Upgrade Summary
  3. Successfully Upgraded IP Components
  4. IP Upgrade Messages



----------------
; Legal Notice ;
----------------
Copyright (C) 2025  Altera Corporation. All rights reserved.
Your use of Altera Corporation's design tools, logic functions 
and other software and tools, and any partner logic 
functions, and any output files from any of the foregoing 
(including device programming or simulation files), and any 
associated documentation or information are expressly subject 
to the terms and conditions of the Altera Program License 
Subscription Agreement, the Altera Quartus Prime License Agreement,
the Altera IP License Agreement, or other applicable license
agreement, including, without limitation, that your use is for
the sole purpose of programming logic devices manufactured by
Altera and sold by Altera or its authorized distributors.  Please
refer to the Altera Software License Subscription Agreements 
on the Quartus Prime software download page.



+--------------------------------------------------------------------------------+
; IP Upgrade Summary                                                             ;
+------------------------------+-------------------------------------------------+
; IP Components Upgrade Status ; Passed - Thu Jun 25 15:44:46 2026               ;
; Quartus Prime Version        ; 24.1std.0 Build 1077 03/04/2025 SC Lite Edition ;
; Revision Name                ; soc_system                                      ;
; Top-level Entity Name        ; ghrd_top                                        ;
; Family                       ; Cyclone V                                       ;
+------------------------------+-------------------------------------------------+


+-----------------------------------------------------------------------------------------------------------------------------------------------------------------------------+
; Successfully Upgraded IP Components                                                                                                                                         ;
+-------------+------------------------------+---------+-------------------------------------+--------------------------------+-------------------------------------+---------+
; Entity Name ; Component Name               ; Version ; Original Source File                ; Generation File Path           ; New Source File                     ; Message ;
+-------------+------------------------------+---------+-------------------------------------+--------------------------------+-------------------------------------+---------+
; soc_system  ; Qsys                         ; 13.1    ; soc_system/synthesis/soc_system.qip ; soc_system.qsys                ; soc_system/synthesis/soc_system.qip ;         ;
; hps_reset   ; In-System Sources and Probes ; 13.1    ; ip/altsource_probe/hps_reset.qip    ; ip/altsource_probe/hps_reset.v ; ip/altsource_probe/hps_reset.qip    ;         ;
+-------------+------------------------------+---------+-------------------------------------+--------------------------------+-------------------------------------+---------+


+---------------------+
; IP Upgrade Messages ;
+---------------------+
Info (11902): Backing up file "soc_system.qsys" to "soc_system.BAK.qsys"
Info (11902): Backing up file "soc_system/synthesis/soc_system.v" to "soc_system.BAK.v"
Info (11837): Started upgrading IP component Qsys with file "soc_system.qsys"
Info: 2026.06.25.15:43:10 Info: Starting to upgrade the IP cores in the Platform Designer system
Info: 2026.06.25.15:43:10 Info: Finished upgrading the ip cores
Info: 2026.06.25.15:43:22 Info: Saving generation log to C:/Users/My PC/Downloads/de1_soc/DE1-SOC_V.1.2.0_SystemCD/Demonstrations/SOC_FPGA/my_first_hps-fpga/fpga-rtl/soc_system
Info: 2026.06.25.15:43:22 Info: Starting: Create simulation model
Info: 2026.06.25.15:43:22 Info: qsys-generate "C:\Users\My PC\Downloads\de1_soc\DE1-SOC_V.1.2.0_SystemCD\Demonstrations\SOC_FPGA\my_first_hps-fpga\fpga-rtl\soc_system.qsys" --simulation=VERILOG --allow-mixed-language-simulation --output-directory="C:\Users\My PC\Downloads\de1_soc\DE1-SOC_V.1.2.0_SystemCD\Demonstrations\SOC_FPGA\my_first_hps-fpga\fpga-rtl\soc_system\simulation" --family="Cyclone V" --part=5CSEMA5F31C6
Info: 2026.06.25.15:43:22 Info: Loading fpga-rtl
Info: 2026.06.25.15:43:22 Info: Reading input file
Info: 2026.06.25.15:43:22 Info: Adding clk_0 [clock_source 24.1]
Info: 2026.06.25.15:43:22 Info: Parameterizing module clk_0
Info: 2026.06.25.15:43:22 Info: Adding fpga_only_master [altera_jtag_avalon_master 24.1]
Info: 2026.06.25.15:43:22 Info: Parameterizing module fpga_only_master
Info: 2026.06.25.15:43:22 Info: Adding hps_0 [altera_hps 24.1]
Info: 2026.06.25.15:43:22 Info: Parameterizing module hps_0
Info: 2026.06.25.15:43:22 Info: Adding hps_only_master [altera_jtag_avalon_master 24.1]
Info: 2026.06.25.15:43:22 Info: Parameterizing module hps_only_master
Info: 2026.06.25.15:43:22 Info: Adding intr_capturer_0 [intr_capturer 100.99.98.97]
Info: 2026.06.25.15:43:22 Info: Parameterizing module intr_capturer_0
Info: 2026.06.25.15:43:22 Info: Adding jtag_uart [altera_avalon_jtag_uart 24.1]
Info: 2026.06.25.15:43:22 Info: Parameterizing module jtag_uart
Info: 2026.06.25.15:43:22 Info: Adding onchip_memory2_0 [altera_avalon_onchip_memory2 24.1]
Info: 2026.06.25.15:43:22 Info: Parameterizing module onchip_memory2_0
Info: 2026.06.25.15:43:22 Info: Adding pio_led [altera_avalon_pio 24.1]
Info: 2026.06.25.15:43:22 Info: Parameterizing module pio_led
Info: 2026.06.25.15:43:22 Info: Adding sysid_qsys [altera_avalon_sysid_qsys 24.1]
Info: 2026.06.25.15:43:22 Info: Parameterizing module sysid_qsys
Info: 2026.06.25.15:43:22 Info: Building connections
Info: 2026.06.25.15:43:22 Info: Parameterizing connections
Info: 2026.06.25.15:43:22 Info: Validating
Info: 2026.06.25.15:43:27 Info: Done reading input file
Info: 2026.06.25.15:43:29 Info: soc_system.hps_0: HPS Main PLL counter settings: n = 0  m = 73
Info: 2026.06.25.15:43:29 Info: soc_system.hps_0: HPS peripherial PLL counter settings: n = 0  m = 39
Warning: 2026.06.25.15:43:29 Warning: soc_system.hps_0: "QSPI clock frequency" (desired_qspi_clk_mhz) requested 400.0 MHz, but only achieved 370.0 MHz
Warning: 2026.06.25.15:43:29 Warning: soc_system.hps_0: 1 or more output clock frequencies cannot be achieved precisely, consider revising desired output clock frequencies.
Warning: 2026.06.25.15:43:29 Warning: soc_system.hps_0: HPS model no longer supports simulation for HPS FPGA Bridges.
Info: 2026.06.25.15:43:29 Info: soc_system.jtag_uart: JTAG UART IP input clock need to be at least double (2x) the operating frequency of JTAG TCK on board
Info: 2026.06.25.15:43:29 Info: soc_system.sysid_qsys: System ID is not assigned automatically. Edit the System ID parameter to provide a unique ID
Info: 2026.06.25.15:43:29 Info: soc_system.sysid_qsys: Time stamp will be automatically updated when this component is generated.
Info: 2026.06.25.15:43:30 Info: soc_system: Generating "soc_system" for SIM_VERILOG
Info: 2026.06.25.15:43:36 Info: Interconnect is inserted between master hps_only_master.master and slave hps_0.f2h_axi_slave because the master is of type avalon and the slave is of type axi.
Warning: 2026.06.25.15:43:36 Warning: hps_0.f2h_irq0: Cannot connect clock for irq_mapper.sender
Warning: 2026.06.25.15:43:36 Warning: hps_0.f2h_irq0: Cannot connect reset for irq_mapper.sender
Warning: 2026.06.25.15:43:36 Warning: hps_0.f2h_irq1: Cannot connect clock for irq_mapper_001.sender
Warning: 2026.06.25.15:43:36 Warning: hps_0.f2h_irq1: Cannot connect reset for irq_mapper_001.sender
Info: 2026.06.25.15:43:40 Info: fpga_only_master: "soc_system" instantiated altera_jtag_avalon_master "fpga_only_master"
Info: 2026.06.25.15:43:40 Info: hps_0: "Running  for module: hps_0"
Info: 2026.06.25.15:43:41 Info: hps_0: HPS Main PLL counter settings: n = 0  m = 73
Info: 2026.06.25.15:43:41 Info: hps_0: HPS peripherial PLL counter settings: n = 0  m = 39
Warning: 2026.06.25.15:43:41 Warning: hps_0: "QSPI clock frequency" (desired_qspi_clk_mhz) requested 400.0 MHz, but only achieved 370.0 MHz
Warning: 2026.06.25.15:43:41 Warning: hps_0: 1 or more output clock frequencies cannot be achieved precisely, consider revising desired output clock frequencies.
Warning: 2026.06.25.15:43:41 Warning: hps_0: HPS model no longer supports simulation for HPS FPGA Bridges.
Info: 2026.06.25.15:43:43 Info: hps_0: "soc_system" instantiated altera_hps "hps_0"
Info: 2026.06.25.15:43:43 Info: intr_capturer_0: "soc_system" instantiated intr_capturer "intr_capturer_0"
Info: 2026.06.25.15:43:43 Info: jtag_uart: "soc_system" instantiated altera_avalon_jtag_uart "jtag_uart"
Info: 2026.06.25.15:43:43 Info: onchip_memory2_0: Starting RTL generation for module 'soc_system_onchip_memory2_0'
Info: 2026.06.25.15:43:44 Info: onchip_memory2_0: Done RTL generation for module 'soc_system_onchip_memory2_0'
Info: 2026.06.25.15:43:44 Info: onchip_memory2_0: "soc_system" instantiated altera_avalon_onchip_memory2 "onchip_memory2_0"
Info: 2026.06.25.15:43:44 Info: pio_led: Starting RTL generation for module 'soc_system_pio_led'
Info: 2026.06.25.15:43:44 Info: pio_led: Done RTL generation for module 'soc_system_pio_led'
Info: 2026.06.25.15:43:44 Info: pio_led: "soc_system" instantiated altera_avalon_pio "pio_led"
Info: 2026.06.25.15:43:44 Info: sysid_qsys: "soc_system" instantiated altera_avalon_sysid_qsys "sysid_qsys"
Info: 2026.06.25.15:43:47 Info: avalon_st_adapter: Inserting error_adapter: error_adapter_0
Info: 2026.06.25.15:43:47 Info: avalon_st_adapter_001: Inserting error_adapter: error_adapter_0
Info: 2026.06.25.15:43:47 Info: avalon_st_adapter_002: Inserting error_adapter: error_adapter_0
Info: 2026.06.25.15:43:47 Info: avalon_st_adapter_003: Inserting error_adapter: error_adapter_0
Info: 2026.06.25.15:43:48 Info: avalon_st_adapter_004: Inserting error_adapter: error_adapter_0
Info: 2026.06.25.15:43:50 Info: mm_interconnect_0: "soc_system" instantiated altera_mm_interconnect "mm_interconnect_0"
Info: 2026.06.25.15:43:50 Info: mm_interconnect_1: "soc_system" instantiated altera_mm_interconnect "mm_interconnect_1"
Info: 2026.06.25.15:43:50 Info: irq_mapper: "soc_system" instantiated altera_irq_mapper "irq_mapper"
Info: 2026.06.25.15:43:50 Info: irq_mapper_001: "soc_system" instantiated altera_irq_mapper "irq_mapper_001"
Info: 2026.06.25.15:43:50 Info: rst_controller: "soc_system" instantiated altera_reset_controller "rst_controller"
Info: 2026.06.25.15:43:51 Info: jtag_phy_embedded_in_jtag_master: "fpga_only_master" instantiated altera_jtag_dc_streaming "jtag_phy_embedded_in_jtag_master"
Info: 2026.06.25.15:43:51 Info: timing_adt: "fpga_only_master" instantiated timing_adapter "timing_adt"
Info: 2026.06.25.15:43:51 Info: fifo: "fpga_only_master" instantiated altera_avalon_sc_fifo "fifo"
Info: 2026.06.25.15:43:51 Info: b2p: "fpga_only_master" instantiated altera_avalon_st_bytes_to_packets "b2p"
Info: 2026.06.25.15:43:51 Info: p2b: "fpga_only_master" instantiated altera_avalon_st_packets_to_bytes "p2b"
Info: 2026.06.25.15:43:51 Info: transacto: "fpga_only_master" instantiated altera_avalon_packets_to_master "transacto"
Info: 2026.06.25.15:43:51 Info: b2p_adapter: "fpga_only_master" instantiated channel_adapter "b2p_adapter"
Info: 2026.06.25.15:43:51 Info: p2b_adapter: "fpga_only_master" instantiated channel_adapter "p2b_adapter"
Info: 2026.06.25.15:43:51 Info: fpga_interfaces: "hps_0" instantiated altera_interface_generator "fpga_interfaces"
Info: 2026.06.25.15:43:51 Info: hps_io: "hps_0" instantiated altera_hps_io "hps_io"
Info: 2026.06.25.15:43:51 Info: fpga_only_master_master_translator: "mm_interconnect_0" instantiated altera_merlin_master_translator "fpga_only_master_master_translator"
Info: 2026.06.25.15:43:51 Info: onchip_memory2_0_s1_translator: "mm_interconnect_0" instantiated altera_merlin_slave_translator "onchip_memory2_0_s1_translator"
Info: 2026.06.25.15:43:51 Info: hps_0_h2f_axi_master_agent: "mm_interconnect_0" instantiated altera_merlin_axi_master_ni "hps_0_h2f_axi_master_agent"
Info: 2026.06.25.15:43:51 Info: fpga_only_master_master_agent: "mm_interconnect_0" instantiated altera_merlin_master_agent "fpga_only_master_master_agent"
Info: 2026.06.25.15:43:51 Info: onchip_memory2_0_s1_agent: "mm_interconnect_0" instantiated altera_merlin_slave_agent "onchip_memory2_0_s1_agent"
Info: 2026.06.25.15:43:51 Info: router: "mm_interconnect_0" instantiated altera_merlin_router "router"
Info: 2026.06.25.15:43:51 Info: router_002: "mm_interconnect_0" instantiated altera_merlin_router "router_002"
Info: 2026.06.25.15:43:52 Info: router_003: "mm_interconnect_0" instantiated altera_merlin_router "router_003"
Info: 2026.06.25.15:43:52 Info: router_005: "mm_interconnect_0" instantiated altera_merlin_router "router_005"
Info: 2026.06.25.15:43:52 Info: router_006: "mm_interconnect_0" instantiated altera_merlin_router "router_006"
Info: 2026.06.25.15:43:52 Info: router_007: "mm_interconnect_0" instantiated altera_merlin_router "router_007"
Info: 2026.06.25.15:43:52 Info: router_009: "mm_interconnect_0" instantiated altera_merlin_router "router_009"
Info: 2026.06.25.15:43:52 Info: fpga_only_master_master_limiter: "mm_interconnect_0" instantiated altera_merlin_traffic_limiter "fpga_only_master_master_limiter"
Info: 2026.06.25.15:43:52 Info: Reusing file C:/Users/My PC/Downloads/de1_soc/DE1-SOC_V.1.2.0_SystemCD/Demonstrations/SOC_FPGA/my_first_hps-fpga/fpga-rtl/soc_system/simulation/submodules
Info: 2026.06.25.15:43:52 Info: Reusing file C:/Users/My PC/Downloads/de1_soc/DE1-SOC_V.1.2.0_SystemCD/Demonstrations/SOC_FPGA/my_first_hps-fpga/fpga-rtl/soc_system/simulation/submodules
Info: 2026.06.25.15:43:52 Info: onchip_memory2_0_s1_burst_adapter: "mm_interconnect_0" instantiated altera_merlin_burst_adapter "onchip_memory2_0_s1_burst_adapter"
Info: 2026.06.25.15:43:52 Info: Reusing file C:/Users/My PC/Downloads/de1_soc/DE1-SOC_V.1.2.0_SystemCD/Demonstrations/SOC_FPGA/my_first_hps-fpga/fpga-rtl/soc_system/simulation/submodules
Info: 2026.06.25.15:43:52 Info: Reusing file C:/Users/My PC/Downloads/de1_soc/DE1-SOC_V.1.2.0_SystemCD/Demonstrations/SOC_FPGA/my_first_hps-fpga/fpga-rtl/soc_system/simulation/submodules
Info: 2026.06.25.15:43:52 Info: Reusing file C:/Users/My PC/Downloads/de1_soc/DE1-SOC_V.1.2.0_SystemCD/Demonstrations/SOC_FPGA/my_first_hps-fpga/fpga-rtl/soc_system/simulation/submodules
Info: 2026.06.25.15:43:52 Info: cmd_demux: "mm_interconnect_0" instantiated altera_merlin_demultiplexer "cmd_demux"
Info: 2026.06.25.15:43:52 Info: cmd_demux_002: "mm_interconnect_0" instantiated altera_merlin_demultiplexer "cmd_demux_002"
Info: 2026.06.25.15:43:52 Info: cmd_demux_003: "mm_interconnect_0" instantiated altera_merlin_demultiplexer "cmd_demux_003"
Info: 2026.06.25.15:43:52 Info: cmd_mux: "mm_interconnect_0" instantiated altera_merlin_multiplexer "cmd_mux"
Info: 2026.06.25.15:43:52 Info: cmd_mux_001: "mm_interconnect_0" instantiated altera_merlin_multiplexer "cmd_mux_001"
Info: 2026.06.25.15:43:52 Info: Reusing file C:/Users/My PC/Downloads/de1_soc/DE1-SOC_V.1.2.0_SystemCD/Demonstrations/SOC_FPGA/my_first_hps-fpga/fpga-rtl/soc_system/simulation/submodules
Info: 2026.06.25.15:43:52 Info: cmd_mux_002: "mm_interconnect_0" instantiated altera_merlin_multiplexer "cmd_mux_002"
Info: 2026.06.25.15:43:52 Info: Reusing file C:/Users/My PC/Downloads/de1_soc/DE1-SOC_V.1.2.0_SystemCD/Demonstrations/SOC_FPGA/my_first_hps-fpga/fpga-rtl/soc_system/simulation/submodules
Info: 2026.06.25.15:43:52 Info: cmd_mux_004: "mm_interconnect_0" instantiated altera_merlin_multiplexer "cmd_mux_004"
Info: 2026.06.25.15:43:52 Info: Reusing file C:/Users/My PC/Downloads/de1_soc/DE1-SOC_V.1.2.0_SystemCD/Demonstrations/SOC_FPGA/my_first_hps-fpga/fpga-rtl/soc_system/simulation/submodules
Info: 2026.06.25.15:43:52 Info: rsp_demux: "mm_interconnect_0" instantiated altera_merlin_demultiplexer "rsp_demux"
Info: 2026.06.25.15:43:52 Info: rsp_demux_001: "mm_interconnect_0" instantiated altera_merlin_demultiplexer "rsp_demux_001"
Info: 2026.06.25.15:43:52 Info: rsp_demux_002: "mm_interconnect_0" instantiated altera_merlin_demultiplexer "rsp_demux_002"
Info: 2026.06.25.15:43:52 Info: rsp_demux_004: "mm_interconnect_0" instantiated altera_merlin_demultiplexer "rsp_demux_004"
Info: 2026.06.25.15:43:52 Info: rsp_mux: "mm_interconnect_0" instantiated altera_merlin_multiplexer "rsp_mux"
Info: 2026.06.25.15:43:52 Info: Reusing file C:/Users/My PC/Downloads/de1_soc/DE1-SOC_V.1.2.0_SystemCD/Demonstrations/SOC_FPGA/my_first_hps-fpga/fpga-rtl/soc_system/simulation/submodules
Info: 2026.06.25.15:43:52 Info: rsp_mux_002: "mm_interconnect_0" instantiated altera_merlin_multiplexer "rsp_mux_002"
Info: 2026.06.25.15:43:52 Info: Reusing file C:/Users/My PC/Downloads/de1_soc/DE1-SOC_V.1.2.0_SystemCD/Demonstrations/SOC_FPGA/my_first_hps-fpga/fpga-rtl/soc_system/simulation/submodules
Info: 2026.06.25.15:43:52 Info: rsp_mux_003: "mm_interconnect_0" instantiated altera_merlin_multiplexer "rsp_mux_003"
Info: 2026.06.25.15:43:52 Info: Reusing file C:/Users/My PC/Downloads/de1_soc/DE1-SOC_V.1.2.0_SystemCD/Demonstrations/SOC_FPGA/my_first_hps-fpga/fpga-rtl/soc_system/simulation/submodules
Info: 2026.06.25.15:43:52 Info: fpga_only_master_master_to_onchip_memory2_0_s1_cmd_width_adapter: "mm_interconnect_0" instantiated altera_merlin_width_adapter "fpga_only_master_master_to_onchip_memory2_0_s1_cmd_width_adapter"
Info: 2026.06.25.15:43:52 Info: Reusing file C:/Users/My PC/Downloads/de1_soc/DE1-SOC_V.1.2.0_SystemCD/Demonstrations/SOC_FPGA/my_first_hps-fpga/fpga-rtl/soc_system/simulation/submodules
Info: 2026.06.25.15:43:52 Info: Reusing file C:/Users/My PC/Downloads/de1_soc/DE1-SOC_V.1.2.0_SystemCD/Demonstrations/SOC_FPGA/my_first_hps-fpga/fpga-rtl/soc_system/simulation/submodules
Info: 2026.06.25.15:43:52 Info: avalon_st_adapter: "mm_interconnect_0" instantiated altera_avalon_st_adapter "avalon_st_adapter"
Info: 2026.06.25.15:43:53 Info: avalon_st_adapter_001: "mm_interconnect_0" instantiated altera_avalon_st_adapter "avalon_st_adapter_001"
Info: 2026.06.25.15:43:53 Info: hps_0_f2h_axi_slave_agent: "mm_interconnect_1" instantiated altera_merlin_axi_slave_ni "hps_0_f2h_axi_slave_agent"
Info: 2026.06.25.15:43:53 Info: Reusing file C:/Users/My PC/Downloads/de1_soc/DE1-SOC_V.1.2.0_SystemCD/Demonstrations/SOC_FPGA/my_first_hps-fpga/fpga-rtl/soc_system/simulation/submodules
Info: 2026.06.25.15:43:53 Info: Reusing file C:/Users/My PC/Downloads/de1_soc/DE1-SOC_V.1.2.0_SystemCD/Demonstrations/SOC_FPGA/my_first_hps-fpga/fpga-rtl/soc_system/simulation/submodules
Info: 2026.06.25.15:43:53 Info: Reusing file C:/Users/My PC/Downloads/de1_soc/DE1-SOC_V.1.2.0_SystemCD/Demonstrations/SOC_FPGA/my_first_hps-fpga/fpga-rtl/soc_system/simulation/submodules
Info: 2026.06.25.15:43:53 Info: router: "mm_interconnect_1" instantiated altera_merlin_router "router"
Info: 2026.06.25.15:43:53 Info: router_001: "mm_interconnect_1" instantiated altera_merlin_router "router_001"
Info: 2026.06.25.15:43:53 Info: cmd_demux: "mm_interconnect_1" instantiated altera_merlin_demultiplexer "cmd_demux"
Info: 2026.06.25.15:43:53 Info: cmd_mux: "mm_interconnect_1" instantiated altera_merlin_multiplexer "cmd_mux"
Info: 2026.06.25.15:43:53 Info: Reusing file C:/Users/My PC/Downloads/de1_soc/DE1-SOC_V.1.2.0_SystemCD/Demonstrations/SOC_FPGA/my_first_hps-fpga/fpga-rtl/soc_system/simulation/submodules
Info: 2026.06.25.15:43:53 Info: rsp_demux: "mm_interconnect_1" instantiated altera_merlin_demultiplexer "rsp_demux"
Info: 2026.06.25.15:43:53 Info: rsp_mux: "mm_interconnect_1" instantiated altera_merlin_multiplexer "rsp_mux"
Info: 2026.06.25.15:43:53 Info: Reusing file C:/Users/My PC/Downloads/de1_soc/DE1-SOC_V.1.2.0_SystemCD/Demonstrations/SOC_FPGA/my_first_hps-fpga/fpga-rtl/soc_system/simulation/submodules
Info: 2026.06.25.15:43:53 Info: border: "hps_io" instantiated altera_interface_generator "border"
Info: 2026.06.25.15:43:53 Info: Reusing file C:/Users/My PC/Downloads/de1_soc/DE1-SOC_V.1.2.0_SystemCD/Demonstrations/SOC_FPGA/my_first_hps-fpga/fpga-rtl/soc_system/simulation/submodules
Info: 2026.06.25.15:43:53 Info: Reusing file C:/Users/My PC/Downloads/de1_soc/DE1-SOC_V.1.2.0_SystemCD/Demonstrations/SOC_FPGA/my_first_hps-fpga/fpga-rtl/soc_system/simulation/submodules
Info: 2026.06.25.15:43:53 Info: Reusing file C:/Users/My PC/Downloads/de1_soc/DE1-SOC_V.1.2.0_SystemCD/Demonstrations/SOC_FPGA/my_first_hps-fpga/fpga-rtl/soc_system/simulation/submodules
Info: 2026.06.25.15:43:53 Info: Reusing file C:/Users/My PC/Downloads/de1_soc/DE1-SOC_V.1.2.0_SystemCD/Demonstrations/SOC_FPGA/my_first_hps-fpga/fpga-rtl/soc_system/simulation/submodules
Info: 2026.06.25.15:43:53 Info: Reusing file C:/Users/My PC/Downloads/de1_soc/DE1-SOC_V.1.2.0_SystemCD/Demonstrations/SOC_FPGA/my_first_hps-fpga/fpga-rtl/soc_system/simulation/submodules
Info: 2026.06.25.15:43:53 Info: Reusing file C:/Users/My PC/Downloads/de1_soc/DE1-SOC_V.1.2.0_SystemCD/Demonstrations/SOC_FPGA/my_first_hps-fpga/fpga-rtl/soc_system/simulation/submodules
Info: 2026.06.25.15:43:53 Info: Reusing file C:/Users/My PC/Downloads/de1_soc/DE1-SOC_V.1.2.0_SystemCD/Demonstrations/SOC_FPGA/my_first_hps-fpga/fpga-rtl/soc_system/simulation/submodules
Info: 2026.06.25.15:43:53 Info: error_adapter_0: "avalon_st_adapter" instantiated error_adapter "error_adapter_0"
Info: 2026.06.25.15:43:53 Info: error_adapter_0: "avalon_st_adapter_001" instantiated error_adapter "error_adapter_0"
Info: 2026.06.25.15:43:53 Info: soc_system: Done "soc_system" with 64 modules, 105 files
Info: 2026.06.25.15:43:53 Info: qsys-generate succeeded.
Info: 2026.06.25.15:43:53 Info: Finished: Create simulation model
Info: 2026.06.25.15:43:53 Info: Starting: Create Modelsim Project.
Info: 2026.06.25.15:43:53 Info: Doing: ip-make-simscript --spd=C:\Users\My PC\Downloads\de1_soc\DE1-SOC_V.1.2.0_SystemCD\Demonstrations\SOC_FPGA\my_first_hps-fpga\fpga-rtl\soc_system\soc_system.spd --output-directory=C:/Users/My PC/Downloads/de1_soc/DE1-SOC_V.1.2.0_SystemCD/Demonstrations/SOC_FPGA/my_first_hps-fpga/fpga-rtl/soc_system/simulation
Info: 2026.06.25.15:43:54 Info: Generating the following file(s) for MODELSIM simulator in C:/Users/My PC/Downloads/de1_soc/DE1-SOC_V.1.2.0_SystemCD/Demonstrations/SOC_FPGA/my_first_hps-fpga/fpga-rtl/soc_system/simulation
Info: 2026.06.25.15:43:54 Info:     mentor
Info: 2026.06.25.15:43:54 Info: Generating the following file(s) for RIVIERA simulator in C:/Users/My PC/Downloads/de1_soc/DE1-SOC_V.1.2.0_SystemCD/Demonstrations/SOC_FPGA/my_first_hps-fpga/fpga-rtl/soc_system/simulation
Info: 2026.06.25.15:43:54 Info:     aldec
Info: 2026.06.25.15:43:54 Info: For information on how to simulate your IP, see the explanatory comments in the simulator-specific subdirectories under C:/Users/My PC/Downloads/de1_soc/DE1-SOC_V.1.2.0_SystemCD/Demonstrations/SOC_FPGA/my_first_hps-fpga/fpga-rtl/soc_system/simulation
Info: 2026.06.25.15:43:54 Info: Regenerate these scripts whenever you make any change to any Quartus-generated IP in your project.
Info: 2026.06.25.15:43:54 Info: Finished: Create Modelsim Project.
Info: 2026.06.25.15:43:54 Info: Starting: Create block symbol file (.bsf)
Info: 2026.06.25.15:43:54 Info: qsys-generate "C:\Users\My PC\Downloads\de1_soc\DE1-SOC_V.1.2.0_SystemCD\Demonstrations\SOC_FPGA\my_first_hps-fpga\fpga-rtl\soc_system.qsys" --block-symbol-file --output-directory="C:\Users\My PC\Downloads\de1_soc\DE1-SOC_V.1.2.0_SystemCD\Demonstrations\SOC_FPGA\my_first_hps-fpga\fpga-rtl\soc_system" --family="Cyclone V" --part=5CSEMA5F31C6
Info: 2026.06.25.15:43:54 Info: Loading fpga-rtl
Info: 2026.06.25.15:43:54 Info: Reading input file
Info: 2026.06.25.15:43:54 Info: Adding clk_0 [clock_source 24.1]
Info: 2026.06.25.15:43:54 Info: Parameterizing module clk_0
Info: 2026.06.25.15:43:54 Info: Adding fpga_only_master [altera_jtag_avalon_master 24.1]
Info: 2026.06.25.15:43:54 Info: Parameterizing module fpga_only_master
Info: 2026.06.25.15:43:54 Info: Adding hps_0 [altera_hps 24.1]
Info: 2026.06.25.15:43:54 Info: Parameterizing module hps_0
Info: 2026.06.25.15:43:54 Info: Adding hps_only_master [altera_jtag_avalon_master 24.1]
Info: 2026.06.25.15:43:54 Info: Parameterizing module hps_only_master
Info: 2026.06.25.15:43:54 Info: Adding intr_capturer_0 [intr_capturer 100.99.98.97]
Info: 2026.06.25.15:43:54 Info: Parameterizing module intr_capturer_0
Info: 2026.06.25.15:43:54 Info: Adding jtag_uart [altera_avalon_jtag_uart 24.1]
Info: 2026.06.25.15:43:54 Info: Parameterizing module jtag_uart
Info: 2026.06.25.15:43:54 Info: Adding onchip_memory2_0 [altera_avalon_onchip_memory2 24.1]
Info: 2026.06.25.15:43:54 Info: Parameterizing module onchip_memory2_0
Info: 2026.06.25.15:43:54 Info: Adding pio_led [altera_avalon_pio 24.1]
Info: 2026.06.25.15:43:54 Info: Parameterizing module pio_led
Info: 2026.06.25.15:43:54 Info: Adding sysid_qsys [altera_avalon_sysid_qsys 24.1]
Info: 2026.06.25.15:43:54 Info: Parameterizing module sysid_qsys
Info: 2026.06.25.15:43:54 Info: Building connections
Info: 2026.06.25.15:43:54 Info: Parameterizing connections
Info: 2026.06.25.15:43:54 Info: Validating
Info: 2026.06.25.15:43:58 Info: Done reading input file
Info: 2026.06.25.15:44:01 Info: soc_system.hps_0: HPS Main PLL counter settings: n = 0  m = 73
Info: 2026.06.25.15:44:01 Info: soc_system.hps_0: HPS peripherial PLL counter settings: n = 0  m = 39
Warning: 2026.06.25.15:44:01 Warning: soc_system.hps_0: "QSPI clock frequency" (desired_qspi_clk_mhz) requested 400.0 MHz, but only achieved 370.0 MHz
Warning: 2026.06.25.15:44:01 Warning: soc_system.hps_0: 1 or more output clock frequencies cannot be achieved precisely, consider revising desired output clock frequencies.
Warning: 2026.06.25.15:44:01 Warning: soc_system.hps_0: HPS model no longer supports simulation for HPS FPGA Bridges.
Info: 2026.06.25.15:44:01 Info: soc_system.jtag_uart: JTAG UART IP input clock need to be at least double (2x) the operating frequency of JTAG TCK on board
Info: 2026.06.25.15:44:01 Info: soc_system.sysid_qsys: System ID is not assigned automatically. Edit the System ID parameter to provide a unique ID
Info: 2026.06.25.15:44:01 Info: soc_system.sysid_qsys: Time stamp will be automatically updated when this component is generated.
Info: 2026.06.25.15:44:01 Info: qsys-generate succeeded.
Info: 2026.06.25.15:44:01 Info: Finished: Create block symbol file (.bsf)
Info: 2026.06.25.15:44:01 Info:
Info: 2026.06.25.15:44:01 Info: Starting: Create HDL design files for synthesis
Info: 2026.06.25.15:44:01 Info: qsys-generate "C:\Users\My PC\Downloads\de1_soc\DE1-SOC_V.1.2.0_SystemCD\Demonstrations\SOC_FPGA\my_first_hps-fpga\fpga-rtl\soc_system.qsys" --synthesis=VERILOG --output-directory="C:\Users\My PC\Downloads\de1_soc\DE1-SOC_V.1.2.0_SystemCD\Demonstrations\SOC_FPGA\my_first_hps-fpga\fpga-rtl\soc_system\synthesis" --family="Cyclone V" --part=5CSEMA5F31C6
Info: 2026.06.25.15:44:01 Info: Loading fpga-rtl
Info: 2026.06.25.15:44:01 Info: Reading input file
Info: 2026.06.25.15:44:01 Info: Adding clk_0 [clock_source 24.1]
Info: 2026.06.25.15:44:01 Info: Parameterizing module clk_0
Info: 2026.06.25.15:44:01 Info: Adding fpga_only_master [altera_jtag_avalon_master 24.1]
Info: 2026.06.25.15:44:01 Info: Parameterizing module fpga_only_master
Info: 2026.06.25.15:44:01 Info: Adding hps_0 [altera_hps 24.1]
Info: 2026.06.25.15:44:01 Info: Parameterizing module hps_0
Info: 2026.06.25.15:44:01 Info: Adding hps_only_master [altera_jtag_avalon_master 24.1]
Info: 2026.06.25.15:44:01 Info: Parameterizing module hps_only_master
Info: 2026.06.25.15:44:01 Info: Adding intr_capturer_0 [intr_capturer 100.99.98.97]
Info: 2026.06.25.15:44:01 Info: Parameterizing module intr_capturer_0
Info: 2026.06.25.15:44:01 Info: Adding jtag_uart [altera_avalon_jtag_uart 24.1]
Info: 2026.06.25.15:44:01 Info: Parameterizing module jtag_uart
Info: 2026.06.25.15:44:01 Info: Adding onchip_memory2_0 [altera_avalon_onchip_memory2 24.1]
Info: 2026.06.25.15:44:01 Info: Parameterizing module onchip_memory2_0
Info: 2026.06.25.15:44:01 Info: Adding pio_led [altera_avalon_pio 24.1]
Info: 2026.06.25.15:44:01 Info: Parameterizing module pio_led
Info: 2026.06.25.15:44:01 Info: Adding sysid_qsys [altera_avalon_sysid_qsys 24.1]
Info: 2026.06.25.15:44:01 Info: Parameterizing module sysid_qsys
Info: 2026.06.25.15:44:01 Info: Building connections
Info: 2026.06.25.15:44:01 Info: Parameterizing connections
Info: 2026.06.25.15:44:01 Info: Validating
Info: 2026.06.25.15:44:06 Info: Done reading input file
Info: 2026.06.25.15:44:08 Info: soc_system.hps_0: HPS Main PLL counter settings: n = 0  m = 73
Info: 2026.06.25.15:44:08 Info: soc_system.hps_0: HPS peripherial PLL counter settings: n = 0  m = 39
Warning: 2026.06.25.15:44:08 Warning: soc_system.hps_0: "QSPI clock frequency" (desired_qspi_clk_mhz) requested 400.0 MHz, but only achieved 370.0 MHz
Warning: 2026.06.25.15:44:08 Warning: soc_system.hps_0: 1 or more output clock frequencies cannot be achieved precisely, consider revising desired output clock frequencies.
Warning: 2026.06.25.15:44:08 Warning: soc_system.hps_0: HPS model no longer supports simulation for HPS FPGA Bridges.
Info: 2026.06.25.15:44:08 Info: soc_system.jtag_uart: JTAG UART IP input clock need to be at least double (2x) the operating frequency of JTAG TCK on board
Info: 2026.06.25.15:44:08 Info: soc_system.sysid_qsys: System ID is not assigned automatically. Edit the System ID parameter to provide a unique ID
Info: 2026.06.25.15:44:08 Info: soc_system.sysid_qsys: Time stamp will be automatically updated when this component is generated.
Info: 2026.06.25.15:44:09 Info: soc_system: Generating "soc_system" for QUARTUS_SYNTH
Info: 2026.06.25.15:44:13 Info: Interconnect is inserted between master hps_only_master.master and slave hps_0.f2h_axi_slave because the master is of type avalon and the slave is of type axi.
Warning: 2026.06.25.15:44:13 Warning: hps_0.f2h_irq0: Cannot connect clock for irq_mapper.sender
Warning: 2026.06.25.15:44:13 Warning: hps_0.f2h_irq0: Cannot connect reset for irq_mapper.sender
Warning: 2026.06.25.15:44:13 Warning: hps_0.f2h_irq1: Cannot connect clock for irq_mapper_001.sender
Warning: 2026.06.25.15:44:13 Warning: hps_0.f2h_irq1: Cannot connect reset for irq_mapper_001.sender
Info: 2026.06.25.15:44:17 Info: fpga_only_master: "soc_system" instantiated altera_jtag_avalon_master "fpga_only_master"
Info: 2026.06.25.15:44:17 Info: hps_0: "Running  for module: hps_0"
Info: 2026.06.25.15:44:17 Info: hps_0: HPS Main PLL counter settings: n = 0  m = 73
Info: 2026.06.25.15:44:18 Info: hps_0: HPS peripherial PLL counter settings: n = 0  m = 39
Warning: 2026.06.25.15:44:18 Warning: hps_0: "QSPI clock frequency" (desired_qspi_clk_mhz) requested 400.0 MHz, but only achieved 370.0 MHz
Warning: 2026.06.25.15:44:18 Warning: hps_0: 1 or more output clock frequencies cannot be achieved precisely, consider revising desired output clock frequencies.
Warning: 2026.06.25.15:44:18 Warning: hps_0: HPS model no longer supports simulation for HPS FPGA Bridges.
Info: 2026.06.25.15:44:19 Info: hps_0: "soc_system" instantiated altera_hps "hps_0"
Info: 2026.06.25.15:44:19 Info: intr_capturer_0: "soc_system" instantiated intr_capturer "intr_capturer_0"
Info: 2026.06.25.15:44:19 Info: jtag_uart: "soc_system" instantiated altera_avalon_jtag_uart "jtag_uart"
Info: 2026.06.25.15:44:19 Info: onchip_memory2_0: Starting RTL generation for module 'soc_system_onchip_memory2_0'
Info: 2026.06.25.15:44:19 Info: onchip_memory2_0: Done RTL generation for module 'soc_system_onchip_memory2_0'
Info: 2026.06.25.15:44:19 Info: onchip_memory2_0: "soc_system" instantiated altera_avalon_onchip_memory2 "onchip_memory2_0"
Info: 2026.06.25.15:44:20 Info: pio_led: Starting RTL generation for module 'soc_system_pio_led'
Info: 2026.06.25.15:44:20 Info: pio_led: Done RTL generation for module 'soc_system_pio_led'
Info: 2026.06.25.15:44:20 Info: pio_led: "soc_system" instantiated altera_avalon_pio "pio_led"
Info: 2026.06.25.15:44:20 Info: sysid_qsys: "soc_system" instantiated altera_avalon_sysid_qsys "sysid_qsys"
Info: 2026.06.25.15:44:22 Info: avalon_st_adapter: Inserting error_adapter: error_adapter_0
Info: 2026.06.25.15:44:22 Info: avalon_st_adapter_001: Inserting error_adapter: error_adapter_0
Info: 2026.06.25.15:44:23 Info: avalon_st_adapter_002: Inserting error_adapter: error_adapter_0
Info: 2026.06.25.15:44:23 Info: avalon_st_adapter_003: Inserting error_adapter: error_adapter_0
Info: 2026.06.25.15:44:23 Info: avalon_st_adapter_004: Inserting error_adapter: error_adapter_0
Info: 2026.06.25.15:44:25 Info: mm_interconnect_0: "soc_system" instantiated altera_mm_interconnect "mm_interconnect_0"
Info: 2026.06.25.15:44:26 Info: mm_interconnect_1: "soc_system" instantiated altera_mm_interconnect "mm_interconnect_1"
Info: 2026.06.25.15:44:26 Info: irq_mapper: "soc_system" instantiated altera_irq_mapper "irq_mapper"
Info: 2026.06.25.15:44:26 Info: irq_mapper_001: "soc_system" instantiated altera_irq_mapper "irq_mapper_001"
Info: 2026.06.25.15:44:26 Info: rst_controller: "soc_system" instantiated altera_reset_controller "rst_controller"
Info: 2026.06.25.15:44:26 Info: jtag_phy_embedded_in_jtag_master: "fpga_only_master" instantiated altera_jtag_dc_streaming "jtag_phy_embedded_in_jtag_master"
Info: 2026.06.25.15:44:26 Info: timing_adt: "fpga_only_master" instantiated timing_adapter "timing_adt"
Info: 2026.06.25.15:44:26 Info: fifo: "fpga_only_master" instantiated altera_avalon_sc_fifo "fifo"
Info: 2026.06.25.15:44:26 Info: b2p: "fpga_only_master" instantiated altera_avalon_st_bytes_to_packets "b2p"
Info: 2026.06.25.15:44:26 Info: p2b: "fpga_only_master" instantiated altera_avalon_st_packets_to_bytes "p2b"
Info: 2026.06.25.15:44:26 Info: transacto: "fpga_only_master" instantiated altera_avalon_packets_to_master "transacto"
Info: 2026.06.25.15:44:26 Info: b2p_adapter: "fpga_only_master" instantiated channel_adapter "b2p_adapter"
Info: 2026.06.25.15:44:26 Info: p2b_adapter: "fpga_only_master" instantiated channel_adapter "p2b_adapter"
Info: 2026.06.25.15:44:26 Info: fpga_interfaces: "hps_0" instantiated altera_interface_generator "fpga_interfaces"
Info: 2026.06.25.15:44:26 Info: hps_io: "hps_0" instantiated altera_hps_io "hps_io"
Info: 2026.06.25.15:44:26 Info: fpga_only_master_master_translator: "mm_interconnect_0" instantiated altera_merlin_master_translator "fpga_only_master_master_translator"
Info: 2026.06.25.15:44:26 Info: onchip_memory2_0_s1_translator: "mm_interconnect_0" instantiated altera_merlin_slave_translator "onchip_memory2_0_s1_translator"
Info: 2026.06.25.15:44:26 Info: hps_0_h2f_axi_master_agent: "mm_interconnect_0" instantiated altera_merlin_axi_master_ni "hps_0_h2f_axi_master_agent"
Info: 2026.06.25.15:44:26 Info: fpga_only_master_master_agent: "mm_interconnect_0" instantiated altera_merlin_master_agent "fpga_only_master_master_agent"
Info: 2026.06.25.15:44:26 Info: onchip_memory2_0_s1_agent: "mm_interconnect_0" instantiated altera_merlin_slave_agent "onchip_memory2_0_s1_agent"
Info: 2026.06.25.15:44:26 Info: router: "mm_interconnect_0" instantiated altera_merlin_router "router"
Info: 2026.06.25.15:44:26 Info: router_002: "mm_interconnect_0" instantiated altera_merlin_router "router_002"
Info: 2026.06.25.15:44:26 Info: router_003: "mm_interconnect_0" instantiated altera_merlin_router "router_003"
Info: 2026.06.25.15:44:26 Info: router_005: "mm_interconnect_0" instantiated altera_merlin_router "router_005"
Info: 2026.06.25.15:44:26 Info: router_006: "mm_interconnect_0" instantiated altera_merlin_router "router_006"
Info: 2026.06.25.15:44:26 Info: router_007: "mm_interconnect_0" instantiated altera_merlin_router "router_007"
Info: 2026.06.25.15:44:26 Info: router_009: "mm_interconnect_0" instantiated altera_merlin_router "router_009"
Info: 2026.06.25.15:44:26 Info: fpga_only_master_master_limiter: "mm_interconnect_0" instantiated altera_merlin_traffic_limiter "fpga_only_master_master_limiter"
Info: 2026.06.25.15:44:26 Info: Reusing file C:/Users/My PC/Downloads/de1_soc/DE1-SOC_V.1.2.0_SystemCD/Demonstrations/SOC_FPGA/my_first_hps-fpga/fpga-rtl/soc_system/synthesis/submodules
Info: 2026.06.25.15:44:26 Info: Reusing file C:/Users/My PC/Downloads/de1_soc/DE1-SOC_V.1.2.0_SystemCD/Demonstrations/SOC_FPGA/my_first_hps-fpga/fpga-rtl/soc_system/synthesis/submodules
Info: 2026.06.25.15:44:26 Info: onchip_memory2_0_s1_burst_adapter: "mm_interconnect_0" instantiated altera_merlin_burst_adapter "onchip_memory2_0_s1_burst_adapter"
Info: 2026.06.25.15:44:26 Info: Reusing file C:/Users/My PC/Downloads/de1_soc/DE1-SOC_V.1.2.0_SystemCD/Demonstrations/SOC_FPGA/my_first_hps-fpga/fpga-rtl/soc_system/synthesis/submodules
Info: 2026.06.25.15:44:26 Info: Reusing file C:/Users/My PC/Downloads/de1_soc/DE1-SOC_V.1.2.0_SystemCD/Demonstrations/SOC_FPGA/my_first_hps-fpga/fpga-rtl/soc_system/synthesis/submodules
Info: 2026.06.25.15:44:26 Info: Reusing file C:/Users/My PC/Downloads/de1_soc/DE1-SOC_V.1.2.0_SystemCD/Demonstrations/SOC_FPGA/my_first_hps-fpga/fpga-rtl/soc_system/synthesis/submodules
Info: 2026.06.25.15:44:26 Info: cmd_demux: "mm_interconnect_0" instantiated altera_merlin_demultiplexer "cmd_demux"
Info: 2026.06.25.15:44:26 Info: cmd_demux_002: "mm_interconnect_0" instantiated altera_merlin_demultiplexer "cmd_demux_002"
Info: 2026.06.25.15:44:26 Info: cmd_demux_003: "mm_interconnect_0" instantiated altera_merlin_demultiplexer "cmd_demux_003"
Info: 2026.06.25.15:44:26 Info: cmd_mux: "mm_interconnect_0" instantiated altera_merlin_multiplexer "cmd_mux"
Info: 2026.06.25.15:44:26 Info: cmd_mux_001: "mm_interconnect_0" instantiated altera_merlin_multiplexer "cmd_mux_001"
Info: 2026.06.25.15:44:26 Info: Reusing file C:/Users/My PC/Downloads/de1_soc/DE1-SOC_V.1.2.0_SystemCD/Demonstrations/SOC_FPGA/my_first_hps-fpga/fpga-rtl/soc_system/synthesis/submodules
Info: 2026.06.25.15:44:26 Info: cmd_mux_002: "mm_interconnect_0" instantiated altera_merlin_multiplexer "cmd_mux_002"
Info: 2026.06.25.15:44:26 Info: Reusing file C:/Users/My PC/Downloads/de1_soc/DE1-SOC_V.1.2.0_SystemCD/Demonstrations/SOC_FPGA/my_first_hps-fpga/fpga-rtl/soc_system/synthesis/submodules
Info: 2026.06.25.15:44:26 Info: cmd_mux_004: "mm_interconnect_0" instantiated altera_merlin_multiplexer "cmd_mux_004"
Info: 2026.06.25.15:44:26 Info: Reusing file C:/Users/My PC/Downloads/de1_soc/DE1-SOC_V.1.2.0_SystemCD/Demonstrations/SOC_FPGA/my_first_hps-fpga/fpga-rtl/soc_system/synthesis/submodules
Info: 2026.06.25.15:44:26 Info: rsp_demux: "mm_interconnect_0" instantiated altera_merlin_demultiplexer "rsp_demux"
Info: 2026.06.25.15:44:26 Info: rsp_demux_001: "mm_interconnect_0" instantiated altera_merlin_demultiplexer "rsp_demux_001"
Info: 2026.06.25.15:44:26 Info: rsp_demux_002: "mm_interconnect_0" instantiated altera_merlin_demultiplexer "rsp_demux_002"
Info: 2026.06.25.15:44:26 Info: rsp_demux_004: "mm_interconnect_0" instantiated altera_merlin_demultiplexer "rsp_demux_004"
Info: 2026.06.25.15:44:26 Info: rsp_mux: "mm_interconnect_0" instantiated altera_merlin_multiplexer "rsp_mux"
Info: 2026.06.25.15:44:26 Info: Reusing file C:/Users/My PC/Downloads/de1_soc/DE1-SOC_V.1.2.0_SystemCD/Demonstrations/SOC_FPGA/my_first_hps-fpga/fpga-rtl/soc_system/synthesis/submodules
Info: 2026.06.25.15:44:26 Info: rsp_mux_002: "mm_interconnect_0" instantiated altera_merlin_multiplexer "rsp_mux_002"
Info: 2026.06.25.15:44:26 Info: Reusing file C:/Users/My PC/Downloads/de1_soc/DE1-SOC_V.1.2.0_SystemCD/Demonstrations/SOC_FPGA/my_first_hps-fpga/fpga-rtl/soc_system/synthesis/submodules
Info: 2026.06.25.15:44:26 Info: rsp_mux_003: "mm_interconnect_0" instantiated altera_merlin_multiplexer "rsp_mux_003"
Info: 2026.06.25.15:44:26 Info: Reusing file C:/Users/My PC/Downloads/de1_soc/DE1-SOC_V.1.2.0_SystemCD/Demonstrations/SOC_FPGA/my_first_hps-fpga/fpga-rtl/soc_system/synthesis/submodules
Info: 2026.06.25.15:44:26 Info: fpga_only_master_master_to_onchip_memory2_0_s1_cmd_width_adapter: "mm_interconnect_0" instantiated altera_merlin_width_adapter "fpga_only_master_master_to_onchip_memory2_0_s1_cmd_width_adapter"
Info: 2026.06.25.15:44:26 Info: Reusing file C:/Users/My PC/Downloads/de1_soc/DE1-SOC_V.1.2.0_SystemCD/Demonstrations/SOC_FPGA/my_first_hps-fpga/fpga-rtl/soc_system/synthesis/submodules
Info: 2026.06.25.15:44:27 Info: Reusing file C:/Users/My PC/Downloads/de1_soc/DE1-SOC_V.1.2.0_SystemCD/Demonstrations/SOC_FPGA/my_first_hps-fpga/fpga-rtl/soc_system/synthesis/submodules
Info: 2026.06.25.15:44:27 Info: avalon_st_adapter: "mm_interconnect_0" instantiated altera_avalon_st_adapter "avalon_st_adapter"
Info: 2026.06.25.15:44:28 Info: avalon_st_adapter_001: "mm_interconnect_0" instantiated altera_avalon_st_adapter "avalon_st_adapter_001"
Info: 2026.06.25.15:44:28 Info: hps_0_f2h_axi_slave_agent: "mm_interconnect_1" instantiated altera_merlin_axi_slave_ni "hps_0_f2h_axi_slave_agent"
Info: 2026.06.25.15:44:28 Info: Reusing file C:/Users/My PC/Downloads/de1_soc/DE1-SOC_V.1.2.0_SystemCD/Demonstrations/SOC_FPGA/my_first_hps-fpga/fpga-rtl/soc_system/synthesis/submodules
Info: 2026.06.25.15:44:28 Info: Reusing file C:/Users/My PC/Downloads/de1_soc/DE1-SOC_V.1.2.0_SystemCD/Demonstrations/SOC_FPGA/my_first_hps-fpga/fpga-rtl/soc_system/synthesis/submodules
Info: 2026.06.25.15:44:28 Info: Reusing file C:/Users/My PC/Downloads/de1_soc/DE1-SOC_V.1.2.0_SystemCD/Demonstrations/SOC_FPGA/my_first_hps-fpga/fpga-rtl/soc_system/synthesis/submodules
Info: 2026.06.25.15:44:28 Info: router: "mm_interconnect_1" instantiated altera_merlin_router "router"
Info: 2026.06.25.15:44:28 Info: router_001: "mm_interconnect_1" instantiated altera_merlin_router "router_001"
Info: 2026.06.25.15:44:28 Info: cmd_demux: "mm_interconnect_1" instantiated altera_merlin_demultiplexer "cmd_demux"
Info: 2026.06.25.15:44:28 Info: cmd_mux: "mm_interconnect_1" instantiated altera_merlin_multiplexer "cmd_mux"
Info: 2026.06.25.15:44:28 Info: Reusing file C:/Users/My PC/Downloads/de1_soc/DE1-SOC_V.1.2.0_SystemCD/Demonstrations/SOC_FPGA/my_first_hps-fpga/fpga-rtl/soc_system/synthesis/submodules
Info: 2026.06.25.15:44:28 Info: rsp_demux: "mm_interconnect_1" instantiated altera_merlin_demultiplexer "rsp_demux"
Info: 2026.06.25.15:44:28 Info: rsp_mux: "mm_interconnect_1" instantiated altera_merlin_multiplexer "rsp_mux"
Info: 2026.06.25.15:44:28 Info: Reusing file C:/Users/My PC/Downloads/de1_soc/DE1-SOC_V.1.2.0_SystemCD/Demonstrations/SOC_FPGA/my_first_hps-fpga/fpga-rtl/soc_system/synthesis/submodules
Info: 2026.06.25.15:44:43 Info: border: "hps_io" instantiated altera_interface_generator "border"
Info: 2026.06.25.15:44:43 Info: error_adapter_0: "avalon_st_adapter" instantiated error_adapter "error_adapter_0"
Info: 2026.06.25.15:44:43 Info: error_adapter_0: "avalon_st_adapter_001" instantiated error_adapter "error_adapter_0"
Info: 2026.06.25.15:44:43 Info: soc_system: Done "soc_system" with 64 modules, 135 files
Info: 2026.06.25.15:44:43 Info: qsys-generate succeeded.
Info: 2026.06.25.15:44:43 Info: Finished: Create HDL design files for synthesis
Info (11902): Backing up file "ip/altsource_probe/hps_reset.v" to "ip/altsource_probe/hps_reset.BAK.v"
Info (11837): Started upgrading IP component In-System Sources and Probes with file "ip/altsource_probe/hps_reset.v"
Info (11131): Completed upgrading IP component Qsys with file "soc_system.qsys"
Info (11131): Completed upgrading IP component In-System Sources and Probes with file "ip/altsource_probe/hps_reset.v"
Info (23030): Evaluation of Tcl script c:/quartus/quartus/common/tcl/internal/ip_regen/ip_regen.tcl was successful
Info: Quartus Prime Shell was successful. 0 errors, 28 warnings
    Info: Peak virtual memory: 4887 megabytes
    Info: Processing ended: Thu Jun 25 15:44:50 2026
    Info: Elapsed time: 00:02:01
    Info: Total CPU time (on all processors): 00:02:42


